<?xml version="1.0" encoding="UTF-8"?>
<!-- Generated by org.testng.reporters.JUnitXMLReporter -->
<testsuite ignored="0" hostname="E1307516" failures="0" tests="2" name="Default test" time="18.138" errors="0" timestamp="2024-04-01T05:50:32 OEZ">
  <testcase classname="rahulshettyacademy.Tests.ErrorValidationsTest" name="ProductErrorValidation" time="5.388"/>
  <testcase classname="rahulshettyacademy.Tests.ErrorValidationsTest" name="submitOrder" time="0.442"/>
</testsuite> <!-- Default test -->
