<?xml version="1.0" encoding="UTF-8"?>
<!-- Generated by org.testng.reporters.JUnitXMLReporter -->
<testsuite ignored="0" hostname="E1307516" failures="0" tests="3" name="Submit Order Test" time="33.826" errors="0" timestamp="2024-04-02T01:26:15 OEZ">
  <testcase classname="rahulshettyacademy.Tests.SubmitOrderTest" name="submitOrder" time="6.734"/>
  <testcase classname="rahulshettyacademy.Tests.SubmitOrderTest" name="submitOrder" time="6.832"/>
  <testcase classname="rahulshettyacademy.Tests.SubmitOrderTest" name="OrderHistoryTest" time="0.755"/>
</testsuite> <!-- Submit Order Test -->
